The system is: Windows - 10.0.19041 - AMD64
Compiling the CXX compiler identification source file "CMakeCXXCompilerId.cpp" succeeded.
Compiler: C:/Program Files/LLVM/bin/clang-cl.exe 
Build flags: -m64
Id flags:  

The output was:
0


Compilation of the CXX compiler identification source "CMakeCXXCompilerId.cpp" produced "CMakeCXXCompilerId.exe"

The CXX compiler identification is Clang, found in "C:/Users/alexa/git/CResearch/Learning/C++/cmake-build-debug-visual-studio-clang/CMakeFiles/3.17.3/CompilerIdCXX/CMakeCXXCompilerId.exe"

Determining if the CXX compiler works passed with the following output:
Change Dir: C:/Users/alexa/git/CResearch/Learning/C++/cmake-build-debug-visual-studio-clang/CMakeFiles/CMakeTmp

Run Build Command(s):nmake /nologo cmTC_67925\fast && 	F:\MVS\VC\Tools\MSVC\14.27.29110\bin\HostX64\x64\nmake.exe  -f CMakeFiles\cmTC_67925.dir\build.make /nologo -L                  CMakeFiles\cmTC_67925.dir\build
Building CXX object CMakeFiles/cmTC_67925.dir/testCXXCompiler.cxx.obj
	C:\PROGRA~1\LLVM\bin\clang-cl.exe @C:\Users\alexa\AppData\Local\Temp\nm223D.tmp
Linking CXX executable cmTC_67925.exe
	C:\Users\alexa\AppData\Local\JetBrains\Toolbox\apps\CLion\ch-0\202.7660.37\bin\cmake\win\bin\cmake.exe -E vs_link_exe --intdir=CMakeFiles\cmTC_67925.dir --rc=C:\PROGRA~2\WI3CF2~1\10\bin\100190~1.0\x64\rc.exe --mt=C:\PROGRA~2\WI3CF2~1\10\bin\100190~1.0\x64\mt.exe --manifests  -- C:\PROGRA~1\LLVM\bin\lld-link.exe /nologo @CMakeFiles\cmTC_67925.dir\objects1.rsp @C:\Users\alexa\AppData\Local\Temp\nm22CA.tmp



Detecting CXX compiler ABI info compiled with the following output:
Change Dir: C:/Users/alexa/git/CResearch/Learning/C++/cmake-build-debug-visual-studio-clang/CMakeFiles/CMakeTmp

Run Build Command(s):nmake /nologo cmTC_0630d\fast && 	F:\MVS\VC\Tools\MSVC\14.27.29110\bin\HostX64\x64\nmake.exe  -f CMakeFiles\cmTC_0630d.dir\build.make /nologo -L                  CMakeFiles\cmTC_0630d.dir\build
Building CXX object CMakeFiles/cmTC_0630d.dir/CMakeCXXCompilerABI.cpp.obj
	C:\PROGRA~1\LLVM\bin\clang-cl.exe @C:\Users\alexa\AppData\Local\Temp\nm250B.tmp
Linking CXX executable cmTC_0630d.exe
	C:\Users\alexa\AppData\Local\JetBrains\Toolbox\apps\CLion\ch-0\202.7660.37\bin\cmake\win\bin\cmake.exe -E vs_link_exe --intdir=CMakeFiles\cmTC_0630d.dir --rc=C:\PROGRA~2\WI3CF2~1\10\bin\100190~1.0\x64\rc.exe --mt=C:\PROGRA~2\WI3CF2~1\10\bin\100190~1.0\x64\mt.exe --manifests  -- C:\PROGRA~1\LLVM\bin\lld-link.exe /nologo @CMakeFiles\cmTC_0630d.dir\objects1.rsp @C:\Users\alexa\AppData\Local\Temp\nm254B.tmp





Detecting CXX [-std:c++14] compiler features compiled with the following output:
Change Dir: C:/Users/alexa/git/CResearch/Learning/C++/cmake-build-debug-visual-studio-clang/CMakeFiles/CMakeTmp

Run Build Command(s):nmake /nologo cmTC_fd02f\fast && 	F:\MVS\VC\Tools\MSVC\14.27.29110\bin\HostX64\x64\nmake.exe  -f CMakeFiles\cmTC_fd02f.dir\build.make /nologo -L                  CMakeFiles\cmTC_fd02f.dir\build
Building CXX object CMakeFiles/cmTC_fd02f.dir/feature_tests.cxx.obj
	C:\PROGRA~1\LLVM\bin\clang-cl.exe @C:\Users\alexa\AppData\Local\Temp\nm26F0.tmp
Linking CXX executable cmTC_fd02f.exe
	C:\Users\alexa\AppData\Local\JetBrains\Toolbox\apps\CLion\ch-0\202.7660.37\bin\cmake\win\bin\cmake.exe -E vs_link_exe --intdir=CMakeFiles\cmTC_fd02f.dir --rc=C:\PROGRA~2\WI3CF2~1\10\bin\100190~1.0\x64\rc.exe --mt=C:\PROGRA~2\WI3CF2~1\10\bin\100190~1.0\x64\mt.exe --manifests  -- C:\PROGRA~1\LLVM\bin\lld-link.exe /nologo @CMakeFiles\cmTC_fd02f.dir\objects1.rsp @C:\Users\alexa\AppData\Local\Temp\nm274F.tmp



    Feature record: CXX_FEATURE:1cxx_template_template_parameters
    Feature record: CXX_FEATURE:1cxx_alias_templates
    Feature record: CXX_FEATURE:1cxx_alignas
    Feature record: CXX_FEATURE:1cxx_alignof
    Feature record: CXX_FEATURE:1cxx_attributes
    Feature record: CXX_FEATURE:1cxx_auto_type
    Feature record: CXX_FEATURE:1cxx_constexpr
    Feature record: CXX_FEATURE:1cxx_decltype
    Feature record: CXX_FEATURE:1cxx_default_function_template_args
    Feature record: CXX_FEATURE:1cxx_defaulted_functions
    Feature record: CXX_FEATURE:1cxx_defaulted_move_initializers
    Feature record: CXX_FEATURE:1cxx_delegating_constructors
    Feature record: CXX_FEATURE:1cxx_deleted_functions
    Feature record: CXX_FEATURE:1cxx_enum_forward_declarations
    Feature record: CXX_FEATURE:1cxx_explicit_conversions
    Feature record: CXX_FEATURE:1cxx_extended_friend_declarations
    Feature record: CXX_FEATURE:1cxx_extern_templates
    Feature record: CXX_FEATURE:1cxx_final
    Feature record: CXX_FEATURE:1cxx_func_identifier
    Feature record: CXX_FEATURE:1cxx_generalized_initializers
    Feature record: CXX_FEATURE:1cxx_inheriting_constructors
    Feature record: CXX_FEATURE:1cxx_inline_namespaces
    Feature record: CXX_FEATURE:1cxx_lambdas
    Feature record: CXX_FEATURE:1cxx_local_type_template_args
    Feature record: CXX_FEATURE:1cxx_long_long_type
    Feature record: CXX_FEATURE:1cxx_noexcept
    Feature record: CXX_FEATURE:1cxx_nonstatic_member_init
    Feature record: CXX_FEATURE:1cxx_nullptr
    Feature record: CXX_FEATURE:1cxx_override
    Feature record: CXX_FEATURE:1cxx_range_for
    Feature record: CXX_FEATURE:1cxx_raw_string_literals
    Feature record: CXX_FEATURE:1cxx_reference_qualified_functions
    Feature record: CXX_FEATURE:1cxx_right_angle_brackets
    Feature record: CXX_FEATURE:1cxx_rvalue_references
    Feature record: CXX_FEATURE:1cxx_sizeof_member
    Feature record: CXX_FEATURE:1cxx_static_assert
    Feature record: CXX_FEATURE:1cxx_strong_enums
    Feature record: CXX_FEATURE:1cxx_thread_local
    Feature record: CXX_FEATURE:1cxx_trailing_return_types
    Feature record: CXX_FEATURE:1cxx_unicode_literals
    Feature record: CXX_FEATURE:1cxx_uniform_initialization
    Feature record: CXX_FEATURE:1cxx_unrestricted_unions
    Feature record: CXX_FEATURE:1cxx_user_literals
    Feature record: CXX_FEATURE:1cxx_variadic_macros
    Feature record: CXX_FEATURE:1cxx_variadic_templates
    Feature record: CXX_FEATURE:1cxx_aggregate_default_initializers
    Feature record: CXX_FEATURE:1cxx_attribute_deprecated
    Feature record: CXX_FEATURE:1cxx_binary_literals
    Feature record: CXX_FEATURE:1cxx_contextual_conversions
    Feature record: CXX_FEATURE:1cxx_decltype_auto
    Feature record: CXX_FEATURE:1cxx_digit_separators
    Feature record: CXX_FEATURE:1cxx_generic_lambdas
    Feature record: CXX_FEATURE:1cxx_lambda_init_captures
    Feature record: CXX_FEATURE:1cxx_relaxed_constexpr
    Feature record: CXX_FEATURE:1cxx_return_type_deduction
    Feature record: CXX_FEATURE:1cxx_variable_templates


Detecting CXX [] compiler features compiled with the following output:
Change Dir: C:/Users/alexa/git/CResearch/Learning/C++/cmake-build-debug-visual-studio-clang/CMakeFiles/CMakeTmp

Run Build Command(s):nmake /nologo cmTC_9ce56\fast && 	F:\MVS\VC\Tools\MSVC\14.27.29110\bin\HostX64\x64\nmake.exe  -f CMakeFiles\cmTC_9ce56.dir\build.make /nologo -L                  CMakeFiles\cmTC_9ce56.dir\build
Building CXX object CMakeFiles/cmTC_9ce56.dir/feature_tests.cxx.obj
	C:\PROGRA~1\LLVM\bin\clang-cl.exe @C:\Users\alexa\AppData\Local\Temp\nm2961.tmp
Linking CXX executable cmTC_9ce56.exe
	C:\Users\alexa\AppData\Local\JetBrains\Toolbox\apps\CLion\ch-0\202.7660.37\bin\cmake\win\bin\cmake.exe -E vs_link_exe --intdir=CMakeFiles\cmTC_9ce56.dir --rc=C:\PROGRA~2\WI3CF2~1\10\bin\100190~1.0\x64\rc.exe --mt=C:\PROGRA~2\WI3CF2~1\10\bin\100190~1.0\x64\mt.exe --manifests  -- C:\PROGRA~1\LLVM\bin\lld-link.exe /nologo @CMakeFiles\cmTC_9ce56.dir\objects1.rsp @C:\Users\alexa\AppData\Local\Temp\nm29CF.tmp



    Feature record: CXX_FEATURE:1cxx_template_template_parameters
    Feature record: CXX_FEATURE:1cxx_alias_templates
    Feature record: CXX_FEATURE:1cxx_alignas
    Feature record: CXX_FEATURE:1cxx_alignof
    Feature record: CXX_FEATURE:1cxx_attributes
    Feature record: CXX_FEATURE:1cxx_auto_type
    Feature record: CXX_FEATURE:1cxx_constexpr
    Feature record: CXX_FEATURE:1cxx_decltype
    Feature record: CXX_FEATURE:1cxx_default_function_template_args
    Feature record: CXX_FEATURE:1cxx_defaulted_functions
    Feature record: CXX_FEATURE:1cxx_defaulted_move_initializers
    Feature record: CXX_FEATURE:1cxx_delegating_constructors
    Feature record: CXX_FEATURE:1cxx_deleted_functions
    Feature record: CXX_FEATURE:1cxx_enum_forward_declarations
    Feature record: CXX_FEATURE:1cxx_explicit_conversions
    Feature record: CXX_FEATURE:1cxx_extended_friend_declarations
    Feature record: CXX_FEATURE:1cxx_extern_templates
    Feature record: CXX_FEATURE:1cxx_final
    Feature record: CXX_FEATURE:1cxx_func_identifier
    Feature record: CXX_FEATURE:1cxx_generalized_initializers
    Feature record: CXX_FEATURE:1cxx_inheriting_constructors
    Feature record: CXX_FEATURE:1cxx_inline_namespaces
    Feature record: CXX_FEATURE:1cxx_lambdas
    Feature record: CXX_FEATURE:1cxx_local_type_template_args
    Feature record: CXX_FEATURE:1cxx_long_long_type
    Feature record: CXX_FEATURE:1cxx_noexcept
    Feature record: CXX_FEATURE:1cxx_nonstatic_member_init
    Feature record: CXX_FEATURE:1cxx_nullptr
    Feature record: CXX_FEATURE:1cxx_override
    Feature record: CXX_FEATURE:1cxx_range_for
    Feature record: CXX_FEATURE:1cxx_raw_string_literals
    Feature record: CXX_FEATURE:1cxx_reference_qualified_functions
    Feature record: CXX_FEATURE:1cxx_right_angle_brackets
    Feature record: CXX_FEATURE:1cxx_rvalue_references
    Feature record: CXX_FEATURE:1cxx_sizeof_member
    Feature record: CXX_FEATURE:1cxx_static_assert
    Feature record: CXX_FEATURE:1cxx_strong_enums
    Feature record: CXX_FEATURE:1cxx_thread_local
    Feature record: CXX_FEATURE:1cxx_trailing_return_types
    Feature record: CXX_FEATURE:1cxx_unicode_literals
    Feature record: CXX_FEATURE:1cxx_uniform_initialization
    Feature record: CXX_FEATURE:1cxx_unrestricted_unions
    Feature record: CXX_FEATURE:1cxx_user_literals
    Feature record: CXX_FEATURE:1cxx_variadic_macros
    Feature record: CXX_FEATURE:1cxx_variadic_templates
    Feature record: CXX_FEATURE:1cxx_aggregate_default_initializers
    Feature record: CXX_FEATURE:1cxx_attribute_deprecated
    Feature record: CXX_FEATURE:1cxx_binary_literals
    Feature record: CXX_FEATURE:1cxx_contextual_conversions
    Feature record: CXX_FEATURE:1cxx_decltype_auto
    Feature record: CXX_FEATURE:1cxx_digit_separators
    Feature record: CXX_FEATURE:1cxx_generic_lambdas
    Feature record: CXX_FEATURE:1cxx_lambda_init_captures
    Feature record: CXX_FEATURE:1cxx_relaxed_constexpr
    Feature record: CXX_FEATURE:1cxx_return_type_deduction
    Feature record: CXX_FEATURE:1cxx_variable_templates
